<?xml version="1.0" encoding="UTF-8"?>
<!-- Generated by org.testng.reporters.JUnitXMLReporter -->
<testsuite ignored="1" hostname="LAPTOP-MHUDEV9K" failures="1" tests="10" name="Magneto-Cart-API-Functional-Test" time="14.969" errors="0" timestamp="2025-08-02T18:14:20 IST">
  <testcase classname="api.testCases.CustomerFlowTest" name="testCreateCustomer" time="2.62"/>
  <testcase classname="api.testCases.CustomerFlowTest" name="testGenerateCustomerToken" time="1.112"/>
  <testcase classname="api.testCases.CustomerFlowTest" name="testGetCustomerDetails" time="1.232">
    <skipped/>
  </testcase> <!-- testGetCustomerDetails -->
  <testcase classname="api.testCases.CustomerFlowTest" name="testGetCustomerDetails" time="0.823">
    <skipped/>
  </testcase> <!-- testGetCustomerDetails -->
  <testcase classname="api.testCases.CustomerFlowTest" name="testGetCustomerDetails" time="1.086">
    <failure type="java.lang.AssertionError" message="expected [201] but found [200]">
      <![CDATA[java.lang.AssertionError: expected [201] but found [200]
at api.testCases.CustomerFlowTest.testGetCustomerDetails(CustomerFlowTest.java:57)
at java.base/java.util.ArrayList.forEach(ArrayList.java:1511)
... Removed 34 stack frames]]>
    </failure>
  </testcase> <!-- testGetCustomerDetails -->
  <testcase classname="api.testCases.CartFlowTest" name="testCreateCart" time="1.019"/>
  <testcase classname="api.testCases.CartFlowTest" name="testAddItemToCart" time="2.041"/>
  <testcase classname="api.testCases.CartFlowTest" name="testViewCartItems" time="1.29"/>
  <testcase classname="api.testCases.CartFlowTest" name="testUpdatCartItem" time="2.263"/>
  <testcase classname="api.testCases.CartFlowTest" name="testDeleteCartItem" time="1.034"/>
  <testcase classname="api.testBase.BaseTest" name="@BeforeSuite setUpSuite" time="0.0">
    <ignored/>
  </testcase> <!-- @BeforeSuite setUpSuite -->
</testsuite> <!-- Magneto-Cart-API-Functional-Test -->
